#
# There is insufficient memory for the Java Runtime Environment to continue.
# Native memory allocation (malloc) failed to allocate 1428608 bytes for Chunk::new
# Possible reasons:
#   The system is out of physical RAM or swap space
#   The process is running with CompressedOops enabled, and the Java Heap may be blocking the growth of the native heap
# Possible solutions:
#   Reduce memory load on the system
#   Increase physical memory or swap space
#   Check if swap backing store is full
#   Decrease Java heap size (-Xmx/-Xms)
#   Decrease number of Java threads
#   Decrease Java thread stack sizes (-Xss)
#   Set larger code cache with -XX:ReservedCodeCacheSize=
#   JVM is running with Unscaled Compressed Oops mode in which the Java heap is
#     placed in the first 4GB address space. The Java Heap base address is the
#     maximum limit for the native heap growth. Please use -XX:HeapBaseMinAddress
#     to set the Java Heap base and to place the Java Heap above 4GB virtual address.
# This output file may be truncated or incomplete.
#
#  Out of Memory Error (arena.cpp:191), pid=16672, tid=19600
#
# JRE version: OpenJDK Runtime Environment (17.0.9) (build 17.0.9+0--11185874)
# Java VM: OpenJDK 64-Bit Server VM (17.0.9+0--11185874, mixed mode, tiered, compressed oops, compressed class ptrs, g1 gc, windows-amd64)
# No core dump will be written. Minidumps are not enabled by default on client versions of Windows
#

---------------  S U M M A R Y ------------

Command Line: --add-opens=java.base/java.util=ALL-UNNAMED --add-opens=java.base/java.lang=ALL-UNNAMED --add-opens=java.base/java.lang.invoke=ALL-UNNAMED --add-opens=java.prefs/java.util.prefs=ALL-UNNAMED --add-opens=java.base/java.nio.charset=ALL-UNNAMED --add-opens=java.base/java.net=ALL-UNNAMED --add-opens=java.base/java.util.concurrent.atomic=ALL-UNNAMED -Xmx2048m -Dfile.encoding=UTF-8 -Duser.country=US -Duser.language=en -Duser.variant -javaagent:C:\Users\tuanc\.gradle\wrapper\dists\gradle-8.4-bin\1w5dpkrfk8irigvoxmyhowfim\gradle-8.4\lib\agents\gradle-instrumentation-agent-8.4.jar org.gradle.launcher.daemon.bootstrap.GradleDaemon 8.4

Host: 11th Gen Intel(R) Core(TM) i7-1165G7 @ 2.80GHz, 8 cores, 15G,  Windows 11 , 64 bit Build 22621 (10.0.22621.3374)
Time: Mon May 13 23:02:38 2024 SE Asia Standard Time elapsed time: 3.428060 seconds (0d 0h 0m 3s)

---------------  T H R E A D  ---------------

Current thread (0x000002c2ea20a280):  JavaThread "C2 CompilerThread1" daemon [_thread_in_native, id=19600, stack(0x000000f1dd600000,0x000000f1dd700000)]


Current CompileTask:
C2:   3428 2230   !   4       java.net.URLClassLoader::findClass (47 bytes)

Stack: [0x000000f1dd600000,0x000000f1dd700000]
Native frames: (J=compiled Java code, j=interpreted, Vv=VM code, C=native code)
V  [jvm.dll+0x6886e9]
V  [jvm.dll+0x841e4a]
V  [jvm.dll+0x843a8e]
V  [jvm.dll+0x8440f3]
V  [jvm.dll+0x24c14f]
V  [jvm.dll+0xac44c]
V  [jvm.dll+0xaca9c]
V  [jvm.dll+0x36c1f7]
V  [jvm.dll+0x1be4b6]
V  [jvm.dll+0x21df09]
V  [jvm.dll+0x21d1d1]
V  [jvm.dll+0x1a674d]
V  [jvm.dll+0x22d088]
V  [jvm.dll+0x22b1c0]
V  [jvm.dll+0x7f62f7]
V  [jvm.dll+0x7f06aa]
V  [jvm.dll+0x687565]
C  [ucrtbase.dll+0x29333]
C  [KERNEL32.DLL+0x1257d]
C  [ntdll.dll+0x5aa48]


---------------  P R O C E S S  ---------------

Threads class SMR info:
_java_thread_list=0x000002c2ecb34200, length=26, elements={
0x000002c2c980c770, 0x000002c2e57d7030, 0x000002c2e57d7a00, 0x000002c2e57fb290,
0x000002c2e57fdd70, 0x000002c2e57fe930, 0x000002c2e5801300, 0x000002c2e5802840,
0x000002c2e5823aa0, 0x000002c2e58253e0, 0x000002c2e5919ce0, 0x000002c2ea0548e0,
0x000002c2ea20a280, 0x000002c2ec9096b0, 0x000002c2ec6b3ff0, 0x000002c2ebebc5c0,
0x000002c2ebeaef60, 0x000002c2eb22e440, 0x000002c2ec019590, 0x000002c2ebfc91d0,
0x000002c2ec453fe0, 0x000002c2ec77d260, 0x000002c2ec77d770, 0x000002c2ec77c840,
0x000002c2ec77e190, 0x000002c2ec77fae0
}

Java Threads: ( => current thread )
  0x000002c2c980c770 JavaThread "main" [_thread_blocked, id=15904, stack(0x000000f1dc300000,0x000000f1dc400000)]
  0x000002c2e57d7030 JavaThread "Reference Handler" daemon [_thread_blocked, id=8948, stack(0x000000f1dca00000,0x000000f1dcb00000)]
  0x000002c2e57d7a00 JavaThread "Finalizer" daemon [_thread_blocked, id=5984, stack(0x000000f1dcb00000,0x000000f1dcc00000)]
  0x000002c2e57fb290 JavaThread "Signal Dispatcher" daemon [_thread_blocked, id=16400, stack(0x000000f1dcc00000,0x000000f1dcd00000)]
  0x000002c2e57fdd70 JavaThread "Attach Listener" daemon [_thread_blocked, id=1668, stack(0x000000f1dcd00000,0x000000f1dce00000)]
  0x000002c2e57fe930 JavaThread "Service Thread" daemon [_thread_blocked, id=20032, stack(0x000000f1dce00000,0x000000f1dcf00000)]
  0x000002c2e5801300 JavaThread "Monitor Deflation Thread" daemon [_thread_blocked, id=12964, stack(0x000000f1dcf00000,0x000000f1dd000000)]
  0x000002c2e5802840 JavaThread "C2 CompilerThread0" daemon [_thread_in_native, id=14624, stack(0x000000f1dd000000,0x000000f1dd100000)]
  0x000002c2e5823aa0 JavaThread "C1 CompilerThread0" daemon [_thread_blocked, id=9988, stack(0x000000f1dd100000,0x000000f1dd200000)]
  0x000002c2e58253e0 JavaThread "Sweeper thread" daemon [_thread_blocked, id=13372, stack(0x000000f1dd200000,0x000000f1dd300000)]
  0x000002c2e5919ce0 JavaThread "Common-Cleaner" daemon [_thread_blocked, id=17560, stack(0x000000f1dd300000,0x000000f1dd400000)]
  0x000002c2ea0548e0 JavaThread "Notification Thread" daemon [_thread_blocked, id=16732, stack(0x000000f1dd400000,0x000000f1dd500000)]
=>0x000002c2ea20a280 JavaThread "C2 CompilerThread1" daemon [_thread_in_native, id=19600, stack(0x000000f1dd600000,0x000000f1dd700000)]
  0x000002c2ec9096b0 JavaThread "Daemon health stats" [_thread_blocked, id=14492, stack(0x000000f1ddd00000,0x000000f1dde00000)]
  0x000002c2ec6b3ff0 JavaThread "Incoming local TCP Connector on port 65151" [_thread_in_native, id=2248, stack(0x000000f1dde00000,0x000000f1ddf00000)]
  0x000002c2ebebc5c0 JavaThread "Daemon periodic checks" [_thread_blocked, id=20640, stack(0x000000f1ddf00000,0x000000f1de000000)]
  0x000002c2ebeaef60 JavaThread "Daemon" [_thread_blocked, id=21116, stack(0x000000f1de000000,0x000000f1de100000)]
  0x000002c2eb22e440 JavaThread "Handler for socket connection from /127.0.0.1:65151 to /127.0.0.1:65152" [_thread_in_native, id=24164, stack(0x000000f1de100000,0x000000f1de200000)]
  0x000002c2ec019590 JavaThread "Cancel handler" [_thread_blocked, id=23052, stack(0x000000f1de200000,0x000000f1de300000)]
  0x000002c2ebfc91d0 JavaThread "Daemon worker" [_thread_in_vm, id=16288, stack(0x000000f1de300000,0x000000f1de400000)]
  0x000002c2ec453fe0 JavaThread "Asynchronous log dispatcher for DefaultDaemonConnection: socket connection from /127.0.0.1:65151 to /127.0.0.1:65152" [_thread_blocked, id=20052, stack(0x000000f1de400000,0x000000f1de500000)]
  0x000002c2ec77d260 JavaThread "Stdin handler" [_thread_blocked, id=16632, stack(0x000000f1de500000,0x000000f1de600000)]
  0x000002c2ec77d770 JavaThread "Daemon client event forwarder" [_thread_blocked, id=892, stack(0x000000f1de600000,0x000000f1de700000)]
  0x000002c2ec77c840 JavaThread "Cache worker for journal cache (C:\Users\tuanc\.gradle\caches\journal-1)" [_thread_blocked, id=6116, stack(0x000000f1de900000,0x000000f1dea00000)]
  0x000002c2ec77e190 JavaThread "File lock request listener" [_thread_in_native, id=23632, stack(0x000000f1dea00000,0x000000f1deb00000)]
  0x000002c2ec77fae0 JavaThread "Cache worker for file hash cache (C:\Users\tuanc\.gradle\caches\8.4\fileHashes)" [_thread_blocked, id=20784, stack(0x000000f1deb00000,0x000000f1dec00000)]

Other Threads:
  0x000002c2e563e8e0 VMThread "VM Thread" [stack: 0x000000f1dc900000,0x000000f1dca00000] [id=20860]
  0x000002c2e5aa45d0 WatcherThread [stack: 0x000000f1dd500000,0x000000f1dd600000] [id=23056]
  0x000002c2c9865fb0 GCTaskThread "GC Thread#0" [stack: 0x000000f1dc400000,0x000000f1dc500000] [id=5312]
  0x000002c2ea97bb00 GCTaskThread "GC Thread#1" [stack: 0x000000f1dd700000,0x000000f1dd800000] [id=10892]
  0x000002c2ea97bdc0 GCTaskThread "GC Thread#2" [stack: 0x000000f1dd800000,0x000000f1dd900000] [id=14244]
  0x000002c2ea146900 GCTaskThread "GC Thread#3" [stack: 0x000000f1dd900000,0x000000f1dda00000] [id=12636]
  0x000002c2ea146bc0 GCTaskThread "GC Thread#4" [stack: 0x000000f1dda00000,0x000000f1ddb00000] [id=24180]
  0x000002c2ea146e80 GCTaskThread "GC Thread#5" [stack: 0x000000f1ddb00000,0x000000f1ddc00000] [id=20976]
  0x000002c2ec8a98e0 GCTaskThread "GC Thread#6" [stack: 0x000000f1ddc00000,0x000000f1ddd00000] [id=10736]
  0x000002c2eb3a6030 GCTaskThread "GC Thread#7" [stack: 0x000000f1de700000,0x000000f1de800000] [id=3856]
  0x000002c2c9878f10 ConcurrentGCThread "G1 Main Marker" [stack: 0x000000f1dc500000,0x000000f1dc600000] [id=4184]
  0x000002c2c9879930 ConcurrentGCThread "G1 Conc#0" [stack: 0x000000f1dc600000,0x000000f1dc700000] [id=3360]
  0x000002c2eae7aac0 ConcurrentGCThread "G1 Conc#1" [stack: 0x000000f1de800000,0x000000f1de900000] [id=19528]
  0x000002c2e54d8a20 ConcurrentGCThread "G1 Refine#0" [stack: 0x000000f1dc700000,0x000000f1dc800000] [id=13736]
  0x000002c2e54d9360 ConcurrentGCThread "G1 Service" [stack: 0x000000f1dc800000,0x000000f1dc900000] [id=19112]

Threads with active compile tasks:
C2 CompilerThread0     3462 2231       4       java.net.URLClassLoader$1::run (5 bytes)
C2 CompilerThread1     3462 2230   !   4       java.net.URLClassLoader::findClass (47 bytes)

VM state: not at safepoint (normal execution)

VM Mutex/Monitor currently owned by a thread: None

Heap address: 0x0000000080000000, size: 2048 MB, Compressed Oops mode: 32-bit

CDS archive(s) not mapped
Compressed class space mapped at: 0x0000000100000000-0x0000000140000000, reserved size: 1073741824
Narrow klass base: 0x0000000000000000, Narrow klass shift: 3, Narrow klass range: 0x140000000

GC Precious Log:
 CPUs: 8 total, 8 available
 Memory: 16026M
 Large Page Support: Disabled
 NUMA Support: Disabled
 Compressed Oops: Enabled (32-bit)
 Heap Region Size: 1M
 Heap Min Capacity: 8M
 Heap Initial Capacity: 252M
 Heap Max Capacity: 2G
 Pre-touch: Disabled
 Parallel Workers: 8
 Concurrent Workers: 2
 Concurrent Refinement Workers: 8
 Periodic GC: Disabled

Heap:
 garbage-first heap   total 71680K, used 23789K [0x0000000080000000, 0x0000000100000000)
  region size 1024K, 5 young (5120K), 1 survivors (1024K)
 Metaspace       used 27350K, committed 27584K, reserved 1114112K
  class space    used 3510K, committed 3648K, reserved 1048576K

Heap Regions: E=young(eden), S=young(survivor), O=old, HS=humongous(starts), HC=humongous(continues), CS=collection set, F=free, OA=open archive, CA=closed archive, TAMS=top-at-mark-start (previous, next)
|   0|0x0000000080000000, 0x0000000080100000, 0x0000000080100000|100%|HS|  |TAMS 0x0000000080100000, 0x0000000080000000| Complete 
|   1|0x0000000080100000, 0x0000000080200000, 0x0000000080200000|100%|HC|  |TAMS 0x0000000080200000, 0x0000000080100000| Complete 
|   2|0x0000000080200000, 0x0000000080300000, 0x0000000080300000|100%|HC|  |TAMS 0x0000000080300000, 0x0000000080200000| Complete 
|   3|0x0000000080300000, 0x0000000080400000, 0x0000000080400000|100%|HC|  |TAMS 0x0000000080400000, 0x0000000080300000| Complete 
|   4|0x0000000080400000, 0x0000000080500000, 0x0000000080500000|100%| O|  |TAMS 0x0000000080500000, 0x0000000080400000| Untracked 
|   5|0x0000000080500000, 0x0000000080600000, 0x0000000080600000|100%| O|  |TAMS 0x0000000080600000, 0x0000000080500000| Untracked 
|   6|0x0000000080600000, 0x0000000080700000, 0x0000000080700000|100%| O|  |TAMS 0x0000000080700000, 0x0000000080600000| Untracked 
|   7|0x0000000080700000, 0x0000000080800000, 0x0000000080800000|100%| O|  |TAMS 0x0000000080800000, 0x0000000080700000| Untracked 
|   8|0x0000000080800000, 0x0000000080900000, 0x0000000080900000|100%| O|  |TAMS 0x0000000080800000, 0x0000000080800000| Untracked 
|   9|0x0000000080900000, 0x0000000080a00000, 0x0000000080a00000|100%| O|  |TAMS 0x0000000080a00000, 0x0000000080900000| Untracked 
|  10|0x0000000080a00000, 0x0000000080b00000, 0x0000000080b00000|100%| O|  |TAMS 0x0000000080b00000, 0x0000000080a00000| Untracked 
|  11|0x0000000080b00000, 0x0000000080b00000, 0x0000000080c00000|  0%| F|  |TAMS 0x0000000080b00000, 0x0000000080b00000| Untracked 
|  12|0x0000000080c00000, 0x0000000080d00000, 0x0000000080d00000|100%| O|  |TAMS 0x0000000080c00000, 0x0000000080c00000| Untracked 
|  13|0x0000000080d00000, 0x0000000080e00000, 0x0000000080e00000|100%| O|  |TAMS 0x0000000080d00000, 0x0000000080d00000| Untracked 
|  14|0x0000000080e00000, 0x0000000080f00000, 0x0000000080f00000|100%| O|  |TAMS 0x0000000080e00000, 0x0000000080e00000| Untracked 
|  15|0x0000000080f00000, 0x0000000081000000, 0x0000000081000000|100%| O|  |TAMS 0x0000000080f00000, 0x0000000080f00000| Untracked 
|  16|0x0000000081000000, 0x0000000081100000, 0x0000000081100000|100%| O|  |TAMS 0x0000000081000000, 0x0000000081000000| Untracked 
|  17|0x0000000081100000, 0x0000000081200000, 0x0000000081200000|100%| O|  |TAMS 0x0000000081100000, 0x0000000081100000| Untracked 
|  18|0x0000000081200000, 0x0000000081300000, 0x0000000081300000|100%| O|  |TAMS 0x0000000081200000, 0x0000000081200000| Untracked 
|  19|0x0000000081300000, 0x0000000081400000, 0x0000000081400000|100%| O|  |TAMS 0x0000000081300000, 0x0000000081300000| Untracked 
|  20|0x0000000081400000, 0x00000000814e7c00, 0x0000000081500000| 90%| O|  |TAMS 0x0000000081400000, 0x0000000081400000| Untracked 
|  21|0x0000000081500000, 0x0000000081500000, 0x0000000081600000|  0%| F|  |TAMS 0x0000000081500000, 0x0000000081500000| Untracked 
|  22|0x0000000081600000, 0x0000000081600000, 0x0000000081700000|  0%| F|  |TAMS 0x0000000081600000, 0x0000000081600000| Untracked 
|  23|0x0000000081700000, 0x0000000081700000, 0x0000000081800000|  0%| F|  |TAMS 0x0000000081700000, 0x0000000081700000| Untracked 
|  24|0x0000000081800000, 0x0000000081800000, 0x0000000081900000|  0%| F|  |TAMS 0x0000000081800000, 0x0000000081800000| Untracked 
|  25|0x0000000081900000, 0x0000000081900000, 0x0000000081a00000|  0%| F|  |TAMS 0x0000000081900000, 0x0000000081900000| Untracked 
|  26|0x0000000081a00000, 0x0000000081a00000, 0x0000000081b00000|  0%| F|  |TAMS 0x0000000081a00000, 0x0000000081a00000| Untracked 
|  27|0x0000000081b00000, 0x0000000081b00000, 0x0000000081c00000|  0%| F|  |TAMS 0x0000000081b00000, 0x0000000081b00000| Untracked 
|  28|0x0000000081c00000, 0x0000000081c00000, 0x0000000081d00000|  0%| F|  |TAMS 0x0000000081c00000, 0x0000000081c00000| Untracked 
|  29|0x0000000081d00000, 0x0000000081d00000, 0x0000000081e00000|  0%| F|  |TAMS 0x0000000081d00000, 0x0000000081d00000| Untracked 
|  30|0x0000000081e00000, 0x0000000081e00000, 0x0000000081f00000|  0%| F|  |TAMS 0x0000000081e00000, 0x0000000081e00000| Untracked 
|  31|0x0000000081f00000, 0x0000000081f00000, 0x0000000082000000|  0%| F|  |TAMS 0x0000000081f00000, 0x0000000081f00000| Untracked 
|  32|0x0000000082000000, 0x0000000082000000, 0x0000000082100000|  0%| F|  |TAMS 0x0000000082000000, 0x0000000082000000| Untracked 
|  33|0x0000000082100000, 0x0000000082100000, 0x0000000082200000|  0%| F|  |TAMS 0x0000000082100000, 0x0000000082100000| Untracked 
|  34|0x0000000082200000, 0x0000000082200000, 0x0000000082300000|  0%| F|  |TAMS 0x0000000082200000, 0x0000000082200000| Untracked 
|  35|0x0000000082300000, 0x0000000082300000, 0x0000000082400000|  0%| F|  |TAMS 0x0000000082300000, 0x0000000082300000| Untracked 
|  36|0x0000000082400000, 0x0000000082400000, 0x0000000082500000|  0%| F|  |TAMS 0x0000000082400000, 0x0000000082400000| Untracked 
|  37|0x0000000082500000, 0x0000000082500000, 0x0000000082600000|  0%| F|  |TAMS 0x0000000082500000, 0x0000000082500000| Untracked 
|  38|0x0000000082600000, 0x0000000082600000, 0x0000000082700000|  0%| F|  |TAMS 0x0000000082600000, 0x0000000082600000| Untracked 
|  39|0x0000000082700000, 0x0000000082700000, 0x0000000082800000|  0%| F|  |TAMS 0x0000000082700000, 0x0000000082700000| Untracked 
|  40|0x0000000082800000, 0x0000000082800000, 0x0000000082900000|  0%| F|  |TAMS 0x0000000082800000, 0x0000000082800000| Untracked 
|  41|0x0000000082900000, 0x0000000082900000, 0x0000000082a00000|  0%| F|  |TAMS 0x0000000082900000, 0x0000000082900000| Untracked 
|  42|0x0000000082a00000, 0x0000000082a00000, 0x0000000082b00000|  0%| F|  |TAMS 0x0000000082a00000, 0x0000000082a00000| Untracked 
|  43|0x0000000082b00000, 0x0000000082b00000, 0x0000000082c00000|  0%| F|  |TAMS 0x0000000082b00000, 0x0000000082b00000| Untracked 
|  44|0x0000000082c00000, 0x0000000082c00000, 0x0000000082d00000|  0%| F|  |TAMS 0x0000000082c00000, 0x0000000082c00000| Untracked 
|  45|0x0000000082d00000, 0x0000000082d00000, 0x0000000082e00000|  0%| F|  |TAMS 0x0000000082d00000, 0x0000000082d00000| Untracked 
|  46|0x0000000082e00000, 0x0000000082e00000, 0x0000000082f00000|  0%| F|  |TAMS 0x0000000082e00000, 0x0000000082e00000| Untracked 
|  47|0x0000000082f00000, 0x0000000082f00000, 0x0000000083000000|  0%| F|  |TAMS 0x0000000082f00000, 0x0000000082f00000| Untracked 
|  48|0x0000000083000000, 0x0000000083000000, 0x0000000083100000|  0%| F|  |TAMS 0x0000000083000000, 0x0000000083000000| Untracked 
|  49|0x0000000083100000, 0x0000000083100000, 0x0000000083200000|  0%| F|  |TAMS 0x0000000083100000, 0x0000000083100000| Untracked 
|  50|0x0000000083200000, 0x0000000083200000, 0x0000000083300000|  0%| F|  |TAMS 0x0000000083200000, 0x0000000083200000| Untracked 
|  51|0x0000000083300000, 0x0000000083300000, 0x0000000083400000|  0%| F|  |TAMS 0x0000000083300000, 0x0000000083300000| Untracked 
|  52|0x0000000083400000, 0x0000000083400000, 0x0000000083500000|  0%| F|  |TAMS 0x0000000083400000, 0x0000000083400000| Untracked 
|  53|0x0000000083500000, 0x0000000083500000, 0x0000000083600000|  0%| F|  |TAMS 0x0000000083500000, 0x0000000083500000| Untracked 
|  54|0x0000000083600000, 0x0000000083600000, 0x0000000083700000|  0%| F|  |TAMS 0x0000000083600000, 0x0000000083600000| Untracked 
|  55|0x0000000083700000, 0x0000000083700000, 0x0000000083800000|  0%| F|  |TAMS 0x0000000083700000, 0x0000000083700000| Untracked 
|  56|0x0000000083800000, 0x0000000083800000, 0x0000000083900000|  0%| F|  |TAMS 0x0000000083800000, 0x0000000083800000| Untracked 
|  57|0x0000000083900000, 0x0000000083900000, 0x0000000083a00000|  0%| F|  |TAMS 0x0000000083900000, 0x0000000083900000| Untracked 
|  58|0x0000000083a00000, 0x0000000083a00000, 0x0000000083b00000|  0%| F|  |TAMS 0x0000000083a00000, 0x0000000083a00000| Untracked 
|  59|0x0000000083b00000, 0x0000000083b00000, 0x0000000083c00000|  0%| F|  |TAMS 0x0000000083b00000, 0x0000000083b00000| Untracked 
| 197|0x000000008c500000, 0x000000008c500000, 0x000000008c600000|  0%| F|  |TAMS 0x000000008c500000, 0x000000008c500000| Untracked 
| 198|0x000000008c600000, 0x000000008c600000, 0x000000008c700000|  0%| F|  |TAMS 0x000000008c600000, 0x000000008c600000| Untracked 
| 199|0x000000008c700000, 0x000000008c700000, 0x000000008c800000|  0%| F|  |TAMS 0x000000008c700000, 0x000000008c700000| Untracked 
| 200|0x000000008c800000, 0x000000008c800000, 0x000000008c900000|  0%| F|  |TAMS 0x000000008c800000, 0x000000008c800000| Untracked 
| 201|0x000000008c900000, 0x000000008c900000, 0x000000008ca00000|  0%| F|  |TAMS 0x000000008c900000, 0x000000008c900000| Untracked 
| 202|0x000000008ca00000, 0x000000008ca68240, 0x000000008cb00000| 40%| E|  |TAMS 0x000000008ca00000, 0x000000008ca00000| Complete 
| 203|0x000000008cb00000, 0x000000008cc00000, 0x000000008cc00000|100%| E|CS|TAMS 0x000000008cb00000, 0x000000008cb00000| Complete 
| 204|0x000000008cc00000, 0x000000008cd00000, 0x000000008cd00000|100%| E|CS|TAMS 0x000000008cc00000, 0x000000008cc00000| Complete 
| 205|0x000000008cd00000, 0x000000008cd53be0, 0x000000008ce00000| 32%| S|CS|TAMS 0x000000008cd00000, 0x000000008cd00000| Complete 
| 251|0x000000008fb00000, 0x000000008fc00000, 0x000000008fc00000|100%| E|CS|TAMS 0x000000008fb00000, 0x000000008fb00000| Complete 

Card table byte_map: [0x000002c2de320000,0x000002c2de720000] _byte_map_base: 0x000002c2ddf20000

Marking Bits (Prev, Next): (CMBitMap*) 0x000002c2c9868620, (CMBitMap*) 0x000002c2c98685e0
 Prev Bits: [0x000002c2e0b20000, 0x000002c2e2b20000)
 Next Bits: [0x000002c2deb20000, 0x000002c2e0b20000)

Polling page: 0x000002c2c98c0000

Metaspace:

Usage:
  Non-class:     23.29 MB used.
      Class:      3.43 MB used.
       Both:     26.72 MB used.

Virtual space:
  Non-class space:       64.00 MB reserved,      23.38 MB ( 37%) committed,  1 nodes.
      Class space:        1.00 GB reserved,       3.56 MB ( <1%) committed,  1 nodes.
             Both:        1.06 GB reserved,      26.94 MB (  2%) committed. 

Chunk freelists:
   Non-Class:  8.19 MB
       Class:  12.42 MB
        Both:  20.61 MB

MaxMetaspaceSize: unlimited
CompressedClassSpaceSize: 1.00 GB
Initial GC threshold: 21.00 MB
Current GC threshold: 35.12 MB
CDS: off
MetaspaceReclaimPolicy: balanced
 - commit_granule_bytes: 65536.
 - commit_granule_words: 8192.
 - virtual_space_node_default_size: 8388608.
 - enlarge_chunks_in_place: 1.
 - new_chunks_are_fully_committed: 0.
 - uncommit_free_chunks: 1.
 - use_allocation_guard: 0.
 - handle_deallocations: 1.


Internal statistics:

num_allocs_failed_limit: 3.
num_arena_births: 204.
num_arena_deaths: 0.
num_vsnodes_births: 2.
num_vsnodes_deaths: 0.
num_space_committed: 431.
num_space_uncommitted: 0.
num_chunks_returned_to_freelist: 3.
num_chunks_taken_from_freelist: 813.
num_chunk_merges: 3.
num_chunk_splits: 551.
num_chunks_enlarged: 420.
num_inconsistent_stats: 0.

CodeHeap 'non-profiled nmethods': size=120000Kb used=1226Kb max_used=1226Kb free=118774Kb
 bounds [0x000002c2d5f80000, 0x000002c2d61f0000, 0x000002c2dd4b0000]
CodeHeap 'profiled nmethods': size=120000Kb used=4658Kb max_used=4658Kb free=115341Kb
 bounds [0x000002c2ce4b0000, 0x000002c2ce940000, 0x000002c2d59e0000]
CodeHeap 'non-nmethods': size=5760Kb used=1237Kb max_used=1289Kb free=4522Kb
 bounds [0x000002c2d59e0000, 0x000002c2d5c50000, 0x000002c2d5f80000]
 total_blobs=2834 nmethods=2295 adapters=452
 compilation: enabled
              stopped_count=0, restarted_count=0
 full_count=0

Compilation events (20 events):
Event: 3.371 Thread 0x000002c2e5823aa0 2286       3       jdk.internal.reflect.ReflectionFactory::newConstructorAccessor (155 bytes)
Event: 3.373 Thread 0x000002c2e5823aa0 nmethod 2286 0x000002c2ce935f10 code [0x000002c2ce936280, 0x000002c2ce9378f8]
Event: 3.373 Thread 0x000002c2e5823aa0 2287       3       jdk.internal.reflect.Reflection::isSubclassOf (21 bytes)
Event: 3.373 Thread 0x000002c2e5823aa0 nmethod 2287 0x000002c2ce938090 code [0x000002c2ce938240, 0x000002c2ce938488]
Event: 3.373 Thread 0x000002c2e5823aa0 2288       3       com.google.common.collect.Hashing::smear (19 bytes)
Event: 3.374 Thread 0x000002c2e5823aa0 nmethod 2288 0x000002c2ce938590 code [0x000002c2ce938720, 0x000002c2ce938898]
Event: 3.374 Thread 0x000002c2e5823aa0 2289       3       java.lang.Integer::rotateLeft (9 bytes)
Event: 3.374 Thread 0x000002c2e5823aa0 nmethod 2289 0x000002c2ce938990 code [0x000002c2ce938b20, 0x000002c2ce938c18]
Event: 3.374 Thread 0x000002c2e5823aa0 2291       3       java.lang.invoke.LambdaForm$NamedFunction::member (26 bytes)
Event: 3.374 Thread 0x000002c2e5823aa0 nmethod 2291 0x000002c2ce938c90 code [0x000002c2ce938e20, 0x000002c2ce938f38]
Event: 3.374 Thread 0x000002c2e5823aa0 2292       3       java.lang.invoke.InvokerBytecodeGenerator::isStaticallyInvocable (165 bytes)
Event: 3.376 Thread 0x000002c2e5823aa0 nmethod 2292 0x000002c2ce939010 code [0x000002c2ce939440, 0x000002c2ce93b108]
Event: 3.398 Thread 0x000002c2e5823aa0 2295       3       sun.security.provider.MD5::FF (33 bytes)
Event: 3.398 Thread 0x000002c2e5823aa0 nmethod 2295 0x000002c2ce93b890 code [0x000002c2ce93ba20, 0x000002c2ce93bb38]
Event: 3.398 Thread 0x000002c2e5823aa0 2296       3       sun.security.provider.MD5::GG (33 bytes)
Event: 3.398 Thread 0x000002c2e5823aa0 nmethod 2296 0x000002c2ce93bc10 code [0x000002c2ce93bda0, 0x000002c2ce93beb8]
Event: 3.398 Thread 0x000002c2e5823aa0 2297       3       sun.security.provider.MD5::HH (29 bytes)
Event: 3.398 Thread 0x000002c2e5823aa0 nmethod 2297 0x000002c2ce93bf90 code [0x000002c2ce93c120, 0x000002c2ce93c238]
Event: 3.398 Thread 0x000002c2e5823aa0 2298       3       sun.security.provider.MD5::II (31 bytes)
Event: 3.399 Thread 0x000002c2e5823aa0 nmethod 2298 0x000002c2ce93c310 code [0x000002c2ce93c4a0, 0x000002c2ce93c5b8]

GC Heap History (10 events):
Event: 0.783 GC heap before
{Heap before GC invocations=0 (full 0):
 garbage-first heap   total 258048K, used 26624K [0x0000000080000000, 0x0000000100000000)
  region size 1024K, 23 young (23552K), 0 survivors (0K)
 Metaspace       used 10497K, committed 10624K, reserved 1114112K
  class space    used 1091K, committed 1152K, reserved 1048576K
}
Event: 0.788 GC heap after
{Heap after GC invocations=1 (full 0):
 garbage-first heap   total 258048K, used 10344K [0x0000000080000000, 0x0000000100000000)
  region size 1024K, 3 young (3072K), 3 survivors (3072K)
 Metaspace       used 10497K, committed 10624K, reserved 1114112K
  class space    used 1091K, committed 1152K, reserved 1048576K
}
Event: 1.422 GC heap before
{Heap before GC invocations=1 (full 0):
 garbage-first heap   total 258048K, used 40040K [0x0000000080000000, 0x0000000100000000)
  region size 1024K, 31 young (31744K), 3 survivors (3072K)
 Metaspace       used 11467K, committed 11648K, reserved 1114112K
  class space    used 1198K, committed 1280K, reserved 1048576K
}
Event: 1.426 GC heap after
{Heap after GC invocations=2 (full 0):
 garbage-first heap   total 258048K, used 12013K [0x0000000080000000, 0x0000000100000000)
  region size 1024K, 2 young (2048K), 2 survivors (2048K)
 Metaspace       used 11467K, committed 11648K, reserved 1114112K
  class space    used 1198K, committed 1280K, reserved 1048576K
}
Event: 2.574 GC heap before
{Heap before GC invocations=2 (full 0):
 garbage-first heap   total 258048K, used 56045K [0x0000000080000000, 0x0000000100000000)
  region size 1024K, 46 young (47104K), 2 survivors (2048K)
 Metaspace       used 21319K, committed 21504K, reserved 1114112K
  class space    used 2519K, committed 2624K, reserved 1048576K
}
Event: 2.581 GC heap after
{Heap after GC invocations=3 (full 0):
 garbage-first heap   total 258048K, used 18923K [0x0000000080000000, 0x0000000100000000)
  region size 1024K, 9 young (9216K), 9 survivors (9216K)
 Metaspace       used 21319K, committed 21504K, reserved 1114112K
  class space    used 2519K, committed 2624K, reserved 1048576K
}
Event: 3.346 GC heap before
{Heap before GC invocations=4 (full 0):
 garbage-first heap   total 71680K, used 51691K [0x0000000080000000, 0x0000000100000000)
  region size 1024K, 42 young (43008K), 9 survivors (9216K)
 Metaspace       used 26614K, committed 26880K, reserved 1114112K
  class space    used 3380K, committed 3520K, reserved 1048576K
}
Event: 3.352 GC heap after
{Heap after GC invocations=5 (full 0):
 garbage-first heap   total 71680K, used 20608K [0x0000000080000000, 0x0000000100000000)
  region size 1024K, 3 young (3072K), 3 survivors (3072K)
 Metaspace       used 26614K, committed 26880K, reserved 1114112K
  class space    used 3380K, committed 3520K, reserved 1048576K
}
Event: 3.383 GC heap before
{Heap before GC invocations=5 (full 0):
 garbage-first heap   total 71680K, used 20608K [0x0000000080000000, 0x0000000100000000)
  region size 1024K, 4 young (4096K), 3 survivors (3072K)
 Metaspace       used 26770K, committed 27008K, reserved 1114112K
  class space    used 3412K, committed 3520K, reserved 1048576K
}
Event: 3.385 GC heap after
{Heap after GC invocations=6 (full 0):
 garbage-first heap   total 71680K, used 20717K [0x0000000080000000, 0x0000000100000000)
  region size 1024K, 1 young (1024K), 1 survivors (1024K)
 Metaspace       used 26770K, committed 27008K, reserved 1114112K
  class space    used 3412K, committed 3520K, reserved 1048576K
}

Dll operation events (3 events):
Event: 0.009 Loaded shared library E:\Android\android\jbr\bin\java.dll
Event: 0.176 Loaded shared library E:\Android\android\jbr\bin\zip.dll
Event: 0.484 Loaded shared library E:\Android\android\jbr\bin\verify.dll

Deoptimization events (20 events):
Event: 2.566 Thread 0x000002c2ebfc91d0 Uncommon trap: trap_request=0xffffff45 fr.pc=0x000002c2d605cee0 relative=0x0000000000000240
Event: 2.566 Thread 0x000002c2ebfc91d0 Uncommon trap: reason=unstable_if action=reinterpret pc=0x000002c2d605cee0 method=java.util.concurrent.ConcurrentHashMap.get(Ljava/lang/Object;)Ljava/lang/Object; @ 76 c2
Event: 2.566 Thread 0x000002c2ebfc91d0 DEOPT PACKING pc=0x000002c2d605cee0 sp=0x000000f1de3fb7c0
Event: 2.566 Thread 0x000002c2ebfc91d0 DEOPT UNPACKING pc=0x000002c2d5a3a1a3 sp=0x000000f1de3fb738 mode 2
Event: 2.658 Thread 0x000002c2ebfc91d0 Uncommon trap: trap_request=0xffffff45 fr.pc=0x000002c2d604bf38 relative=0x0000000000000198
Event: 2.658 Thread 0x000002c2ebfc91d0 Uncommon trap: reason=unstable_if action=reinterpret pc=0x000002c2d604bf38 method=java.util.WeakHashMap.expungeStaleEntries()V @ 9 c2
Event: 2.658 Thread 0x000002c2ebfc91d0 DEOPT PACKING pc=0x000002c2d604bf38 sp=0x000000f1de3fb090
Event: 2.658 Thread 0x000002c2ebfc91d0 DEOPT UNPACKING pc=0x000002c2d5a3a1a3 sp=0x000000f1de3fb028 mode 2
Event: 2.880 Thread 0x000002c2ebfc91d0 Uncommon trap: trap_request=0xffffff45 fr.pc=0x000002c2d5f9c038 relative=0x0000000000000198
Event: 2.880 Thread 0x000002c2ebfc91d0 Uncommon trap: reason=unstable_if action=reinterpret pc=0x000002c2d5f9c038 method=java.util.regex.Matcher.reset()Ljava/util/regex/Matcher; @ 47 c2
Event: 2.880 Thread 0x000002c2ebfc91d0 DEOPT PACKING pc=0x000002c2d5f9c038 sp=0x000000f1de3fad90
Event: 2.880 Thread 0x000002c2ebfc91d0 DEOPT UNPACKING pc=0x000002c2d5a3a1a3 sp=0x000000f1de3fad20 mode 2
Event: 2.941 Thread 0x000002c2ebfc91d0 Uncommon trap: trap_request=0xffffff45 fr.pc=0x000002c2d5ff1f9c relative=0x0000000000000b9c
Event: 2.941 Thread 0x000002c2ebfc91d0 Uncommon trap: reason=unstable_if action=reinterpret pc=0x000002c2d5ff1f9c method=java.io.WinNTFileSystem.resolve(Ljava/lang/String;Ljava/lang/String;)Ljava/lang/String; @ 19 c2
Event: 2.941 Thread 0x000002c2ebfc91d0 DEOPT PACKING pc=0x000002c2d5ff1f9c sp=0x000000f1de3fcdc0
Event: 2.941 Thread 0x000002c2ebfc91d0 DEOPT UNPACKING pc=0x000002c2d5a3a1a3 sp=0x000000f1de3fcd68 mode 2
Event: 2.943 Thread 0x000002c2ebfc91d0 Uncommon trap: trap_request=0xffffff45 fr.pc=0x000002c2d5ffaf1c relative=0x00000000000005fc
Event: 2.943 Thread 0x000002c2ebfc91d0 Uncommon trap: reason=unstable_if action=reinterpret pc=0x000002c2d5ffaf1c method=java.io.File.getName()Ljava/lang/String; @ 16 c2
Event: 2.943 Thread 0x000002c2ebfc91d0 DEOPT PACKING pc=0x000002c2d5ffaf1c sp=0x000000f1de3fcd60
Event: 2.943 Thread 0x000002c2ebfc91d0 DEOPT UNPACKING pc=0x000002c2d5a3a1a3 sp=0x000000f1de3fcd30 mode 2

Classes unloaded (0 events):
No events

Classes redefined (0 events):
No events

Internal exceptions (20 events):
Event: 2.267 Thread 0x000002c2c980c770 Exception <a 'java/lang/NoSuchMethodError'{0x000000008df3d808}: 'void java.lang.invoke.DirectMethodHandle$Holder.invokeStatic(java.lang.Object, java.lang.Object, java.lang.Object)'> (0x000000008df3d808) 
thrown [s\src\hotspot\share\interpreter\linkResolver.cpp, line 771]
Event: 2.289 Thread 0x000002c2c980c770 Exception <a 'java/io/IOException'{0x000000008de03850}> (0x000000008de03850) 
thrown [s\src\hotspot\share\prims\jni.cpp, line 517]
Event: 2.464 Thread 0x000002c2ebfc91d0 Exception <a 'java/lang/NoSuchMethodError'{0x000000008d492d58}: 'long java.lang.invoke.DirectMethodHandle$Holder.invokeInterface(java.lang.Object, java.lang.Object)'> (0x000000008d492d58) 
thrown [s\src\hotspot\share\interpreter\linkResolver.cpp, line 771]
Event: 2.471 Thread 0x000002c2ebfc91d0 Exception <a 'java/lang/NoSuchMethodError'{0x000000008d4cab60}: 'java.lang.Object java.lang.invoke.DirectMethodHandle$Holder.invokeVirtual(java.lang.Object, java.lang.Object, java.lang.Object)'> (0x000000008d4cab60) 
thrown [s\src\hotspot\share\interpreter\linkResolver.cpp, line 771]
Event: 2.531 Thread 0x000002c2ebfc91d0 Exception <a 'java/lang/NoSuchMethodError'{0x000000008d079be0}: 'void java.lang.invoke.DirectMethodHandle$Holder.invokeStatic(java.lang.Object, java.lang.Object)'> (0x000000008d079be0) 
thrown [s\src\hotspot\share\interpreter\linkResolver.cpp, line 771]
Event: 2.629 Thread 0x000002c2ebfc91d0 Exception <a 'java/lang/NoSuchMethodError'{0x0000000083a42318}: 'java.lang.Object java.lang.invoke.DirectMethodHandle$Holder.newInvokeSpecial(java.lang.Object, java.lang.Object, java.lang.Object, java.lang.Object, java.lang.Object, java.lang.Object)'> (0x0000000083a42318) 
thrown [s\src\hotspot\share\interpreter\linkResolver.cpp, line 771]
Event: 2.631 Thread 0x000002c2ebfc91d0 Exception <a 'java/lang/NoSuchMethodError'{0x0000000083a59e20}: 'void java.lang.invoke.DirectMethodHandle$Holder.invokeSpecial(java.lang.Object, java.lang.Object, java.lang.Object, java.lang.Object, java.lang.Object)'> (0x0000000083a59e20) 
thrown [s\src\hotspot\share\interpreter\linkResolver.cpp, line 771]
Event: 2.633 Thread 0x000002c2ebfc91d0 Exception <a 'java/lang/NoSuchMethodError'{0x0000000083a6df38}: 'void java.lang.invoke.DirectMethodHandle$Holder.invokeStaticInit(java.lang.Object, java.lang.Object)'> (0x0000000083a6df38) 
thrown [s\src\hotspot\share\interpreter\linkResolver.cpp, line 771]
Event: 2.662 Thread 0x000002c2ebfc91d0 Exception <a 'java/lang/NoSuchMethodError'{0x00000000839755b8}: 'java.lang.Object java.lang.invoke.DirectMethodHandle$Holder.newInvokeSpecial(java.lang.Object, java.lang.Object, java.lang.Object, int, java.lang.Object, java.lang.Object)'> (0x00000000839755b8) 
thrown [s\src\hotspot\share\interpreter\linkResolver.cpp, line 771]
Event: 2.708 Thread 0x000002c2ebfc91d0 Exception <a 'java/lang/NoSuchMethodError'{0x0000000083734448}: 'void java.lang.invoke.DelegatingMethodHandle$Holder.reinvoke_L(java.lang.Object, java.lang.Object, java.lang.Object, java.lang.Object, java.lang.Object, java.lang.Object, java.lang.Object, java.lang.Object, java.lang.Object, java.lang.Object)'> (0x0000000083734448) 
thrown [s\src\hotspot\share\interpreter\linkResolver.cpp, line 771]
Event: 2.716 Thread 0x000002c2ebfc91d0 Exception <a 'java/lang/NoSuchMethodError'{0x000000008373c9f8}: 'java.lang.Object java.lang.invoke.DirectMethodHandle$Holder.invokeSpecial(java.lang.Object, java.lang.Object, java.lang.Object, java.lang.Object, java.lang.Object, java.lang.Object, java.lang.Object, java.lang.Object, java.lang.Object, java.lang.Object)'> (0x000000008373c9f8) 
thrown [s\src\hotspot\share\interpreter\linkResolver.cpp, line 771]
Event: 2.716 Thread 0x000002c2ebfc91d0 Exception <a 'java/lang/NoSuchMethodError'{0x00000000837412c8}: 'java.lang.Object java.lang.invoke.Invokers$Holder.invoker(java.lang.Object, java.lang.Object, java.lang.Object, java.lang.Object, java.lang.Object, java.lang.Object, java.lang.Object, java.lang.Object, java.lang.Object, java.lang.Object)'> (0x00000000837412c8) 
thrown [s\src\hotspot\share\interpreter\linkResolver.cpp, line 771]
Event: 2.717 Thread 0x000002c2ebfc91d0 Exception <a 'java/lang/NoSuchMethodError'{0x0000000083746ed0}: 'java.lang.Object java.lang.invoke.DirectMethodHandle$Holder.invokeSpecial(java.lang.Object, java.lang.Object, java.lang.Object, java.lang.Object, java.lang.Object, java.lang.Object, java.lang.Object, java.lang.Object, java.lang.Object, java.lang.Object, java.lang.Object)'> (0x0000000083746ed0) 
thrown [s\src\hotspot\share\interpreter\linkResolver.cpp, line 771]
Event: 2.838 Thread 0x000002c2ebfc91d0 Exception <a 'java/lang/NoSuchMethodError'{0x0000000083126e10}: 'void java.lang.invoke.DirectMethodHandle$Holder.invokeStaticInit(java.lang.Object)'> (0x0000000083126e10) 
thrown [s\src\hotspot\share\interpreter\linkResolver.cpp, line 771]
Event: 2.857 Thread 0x000002c2ebfc91d0 Exception <a 'java/lang/NoSuchMethodError'{0x00000000831db620}: 'java.lang.Object java.lang.invoke.DirectMethodHandle$Holder.newInvokeSpecial(java.lang.Object, java.lang.Object, java.lang.Object, int)'> (0x00000000831db620) 
thrown [s\src\hotspot\share\interpreter\linkResolver.cpp, line 771]
Event: 2.858 Thread 0x000002c2ebfc91d0 Exception <a 'java/lang/NoSuchMethodError'{0x00000000831dff50}: 'java.lang.Object java.lang.invoke.DirectMethodHandle$Holder.invokeSpecial(java.lang.Object, java.lang.Object, java.lang.Object, java.lang.Object, int)'> (0x00000000831dff50) 
thrown [s\src\hotspot\share\interpreter\linkResolver.cpp, line 771]
Event: 2.858 Thread 0x000002c2ebfc91d0 Exception <a 'java/lang/NoSuchMethodError'{0x00000000831e4068}: 'java.lang.Object java.lang.invoke.Invokers$Holder.linkToTargetMethod(java.lang.Object, java.lang.Object, int, java.lang.Object)'> (0x00000000831e4068) 
thrown [s\src\hotspot\share\interpreter\linkResolver.cpp, line 771]
Event: 3.362 Thread 0x000002c2ebfc91d0 Exception <a 'java/lang/NoSuchMethodError'{0x000000008fb596e0}: 'int java.lang.invoke.DirectMethodHandle$Holder.invokeSpecialIFC(java.lang.Object, java.lang.Object, java.lang.Object, java.lang.Object)'> (0x000000008fb596e0) 
thrown [s\src\hotspot\share\interpreter\linkResolver.cpp, line 771]
Event: 3.373 Thread 0x000002c2ebfc91d0 Exception <a 'java/lang/NoSuchMethodError'{0x000000008fb6a998}: 'java.lang.Object java.lang.invoke.DirectMethodHandle$Holder.invokeInterface(java.lang.Object, java.lang.Object, java.lang.Object)'> (0x000000008fb6a998) 
thrown [s\src\hotspot\share\interpreter\linkResolver.cpp, line 771]
Event: 3.373 Thread 0x000002c2ebfc91d0 Exception <a 'java/lang/IncompatibleClassChangeError'{0x000000008fb6eaa0}: Found class java.lang.Object, but interface was expected> (0x000000008fb6eaa0) 
thrown [s\src\hotspot\share\interpreter\linkResolver.cpp, line 838]

VM Operations (20 events):
Event: 2.265 Executing VM operation: HandshakeAllThreads
Event: 2.265 Executing VM operation: HandshakeAllThreads done
Event: 2.316 Executing VM operation: HandshakeAllThreads
Event: 2.316 Executing VM operation: HandshakeAllThreads done
Event: 2.574 Executing VM operation: CollectForMetadataAllocation
Event: 2.581 Executing VM operation: CollectForMetadataAllocation done
Event: 2.587 Executing VM operation: G1PauseRemark
Event: 2.588 Executing VM operation: G1PauseRemark done
Event: 2.590 Executing VM operation: G1PauseCleanup
Event: 2.590 Executing VM operation: G1PauseCleanup done
Event: 2.678 Executing VM operation: HandshakeAllThreads
Event: 2.678 Executing VM operation: HandshakeAllThreads done
Event: 3.001 Executing VM operation: HandshakeAllThreads
Event: 3.001 Executing VM operation: HandshakeAllThreads done
Event: 3.002 Executing VM operation: HandshakeAllThreads
Event: 3.002 Executing VM operation: HandshakeAllThreads done
Event: 3.346 Executing VM operation: G1CollectForAllocation
Event: 3.352 Executing VM operation: G1CollectForAllocation done
Event: 3.383 Executing VM operation: G1CollectForAllocation
Event: 3.386 Executing VM operation: G1CollectForAllocation done

Events (20 events):
Event: 3.357 loading class java/util/concurrent/Semaphore
Event: 3.357 loading class java/util/concurrent/Semaphore done
Event: 3.359 loading class java/nio/file/FileVisitOption
Event: 3.359 loading class java/nio/file/FileVisitOption done
Event: 3.374 loading class java/util/stream/ReduceOps$1
Event: 3.374 loading class java/util/stream/ReduceOps$1 done
Event: 3.374 loading class java/util/stream/ReduceOps$1ReducingSink
Event: 3.374 loading class java/util/stream/ReduceOps$1ReducingSink done
Event: 3.403 loading class java/util/regex/Pattern$Dollar
Event: 3.403 loading class java/util/regex/Pattern$Dollar done
Event: 3.413 loading class java/io/ObjectOutputStream
Event: 3.414 loading class java/io/ObjectOutput
Event: 3.414 loading class java/io/ObjectOutput done
Event: 3.414 loading class java/io/ObjectStreamConstants
Event: 3.414 loading class java/io/ObjectStreamConstants done
Event: 3.414 loading class java/io/ObjectOutputStream done
Event: 3.415 loading class java/io/ObjectInputStream
Event: 3.416 loading class java/io/ObjectInput
Event: 3.416 loading class java/io/ObjectInput done
Event: 3.416 loading class java/io/ObjectInputStream done


Dynamic libraries:
0x00007ff642350000 - 0x00007ff64235a000 	E:\Android\android\jbr\bin\java.exe
0x00007ffd61df0000 - 0x00007ffd62006000 	C:\WINDOWS\SYSTEM32\ntdll.dll
0x00007ffd616b0000 - 0x00007ffd61774000 	C:\WINDOWS\System32\KERNEL32.DLL
0x00007ffd5f350000 - 0x00007ffd5f6f7000 	C:\WINDOWS\System32\KERNELBASE.dll
0x00007ffd5f110000 - 0x00007ffd5f221000 	C:\WINDOWS\System32\ucrtbase.dll
0x00007ffd40bf0000 - 0x00007ffd40c07000 	E:\Android\android\jbr\bin\jli.dll
0x00007ffd31550000 - 0x00007ffd3156b000 	E:\Android\android\jbr\bin\VCRUNTIME140.dll
0x00007ffd61970000 - 0x00007ffd61b1e000 	C:\WINDOWS\System32\USER32.dll
0x00007ffd5fa70000 - 0x00007ffd5fa96000 	C:\WINDOWS\System32\win32u.dll
0x00007ffd61930000 - 0x00007ffd61959000 	C:\WINDOWS\System32\GDI32.dll
0x00007ffd40ce0000 - 0x00007ffd40f73000 	C:\WINDOWS\WinSxS\amd64_microsoft.windows.common-controls_6595b64144ccf1df_6.0.22621.3235_none_270f74e173860f98\COMCTL32.dll
0x00007ffd5f230000 - 0x00007ffd5f349000 	C:\WINDOWS\System32\gdi32full.dll
0x00007ffd5f7a0000 - 0x00007ffd5f83a000 	C:\WINDOWS\System32\msvcp_win.dll
0x00007ffd5fe30000 - 0x00007ffd5fed7000 	C:\WINDOWS\System32\msvcrt.dll
0x00007ffd601d0000 - 0x00007ffd60201000 	C:\WINDOWS\System32\IMM32.DLL
0x00007ffd3ea80000 - 0x00007ffd3ea8c000 	E:\Android\android\jbr\bin\vcruntime140_1.dll
0x00007ffd14920000 - 0x00007ffd149ad000 	E:\Android\android\jbr\bin\msvcp140.dll
0x00007ffd0cfa0000 - 0x00007ffd0dc23000 	E:\Android\android\jbr\bin\server\jvm.dll
0x00007ffd5ff10000 - 0x00007ffd5ffc2000 	C:\WINDOWS\System32\ADVAPI32.dll
0x00007ffd5fd80000 - 0x00007ffd5fe28000 	C:\WINDOWS\System32\sechost.dll
0x00007ffd5f700000 - 0x00007ffd5f728000 	C:\WINDOWS\System32\bcrypt.dll
0x00007ffd60060000 - 0x00007ffd60175000 	C:\WINDOWS\System32\RPCRT4.dll
0x00007ffd5e720000 - 0x00007ffd5e76d000 	C:\WINDOWS\SYSTEM32\POWRPROF.dll
0x00007ffd53d90000 - 0x00007ffd53dc4000 	C:\WINDOWS\SYSTEM32\WINMM.dll
0x00007ffd57be0000 - 0x00007ffd57bea000 	C:\WINDOWS\SYSTEM32\VERSION.dll
0x00007ffd393f0000 - 0x00007ffd393f9000 	C:\WINDOWS\SYSTEM32\WSOCK32.dll
0x00007ffd5fb20000 - 0x00007ffd5fb91000 	C:\WINDOWS\System32\WS2_32.dll
0x00007ffd5e6d0000 - 0x00007ffd5e6e3000 	C:\WINDOWS\SYSTEM32\UMPDC.dll
0x00007ffd5e150000 - 0x00007ffd5e168000 	C:\WINDOWS\SYSTEM32\kernel.appcore.dll
0x00007ffd5bdd0000 - 0x00007ffd5bdda000 	E:\Android\android\jbr\bin\jimage.dll
0x00007ffd5c980000 - 0x00007ffd5cbb3000 	C:\WINDOWS\SYSTEM32\DBGHELP.DLL
0x00007ffd611c0000 - 0x00007ffd61548000 	C:\WINDOWS\System32\combase.dll
0x00007ffd5fba0000 - 0x00007ffd5fc77000 	C:\WINDOWS\System32\OLEAUT32.dll
0x00007ffd3b5a0000 - 0x00007ffd3b5d2000 	C:\WINDOWS\SYSTEM32\dbgcore.DLL
0x00007ffd5faa0000 - 0x00007ffd5fb19000 	C:\WINDOWS\System32\bcryptPrimitives.dll
0x00007ffd53f60000 - 0x00007ffd53f6e000 	E:\Android\android\jbr\bin\instrument.dll
0x00007ffd53e40000 - 0x00007ffd53e65000 	E:\Android\android\jbr\bin\java.dll
0x00007ffd54030000 - 0x00007ffd54048000 	E:\Android\android\jbr\bin\zip.dll
0x00007ffd606b0000 - 0x00007ffd60f0c000 	C:\WINDOWS\System32\SHELL32.dll
0x00007ffd5d070000 - 0x00007ffd5d969000 	C:\WINDOWS\SYSTEM32\windows.storage.dll
0x00007ffd5cf30000 - 0x00007ffd5d06e000 	C:\WINDOWS\SYSTEM32\wintypes.dll
0x00007ffd5fc80000 - 0x00007ffd5fd73000 	C:\WINDOWS\System32\SHCORE.dll
0x00007ffd61b80000 - 0x00007ffd61bde000 	C:\WINDOWS\System32\shlwapi.dll
0x00007ffd5f040000 - 0x00007ffd5f061000 	C:\WINDOWS\SYSTEM32\profapi.dll
0x00007ffd47870000 - 0x00007ffd47889000 	E:\Android\android\jbr\bin\net.dll
0x00007ffd59510000 - 0x00007ffd59646000 	C:\WINDOWS\SYSTEM32\WINHTTP.dll
0x00007ffd5e630000 - 0x00007ffd5e699000 	C:\WINDOWS\system32\mswsock.dll
0x00007ffd42450000 - 0x00007ffd42466000 	E:\Android\android\jbr\bin\nio.dll
0x00007ffd53f90000 - 0x00007ffd53fa0000 	E:\Android\android\jbr\bin\verify.dll
0x00007ffd2b690000 - 0x00007ffd2b6b7000 	C:\Users\tuanc\.gradle\native\c067742578af261105cb4f569cf0c3c89f3d7b1fecec35dd04571415982c5e48\windows-amd64\native-platform.dll
0x00007ffd0dd30000 - 0x00007ffd0de74000 	C:\Users\tuanc\.gradle\native\38dada09dfb8b06ba9b0570ebf7e218e3eb74d4ef43ca46872605cf95ebc2f47\windows-amd64\native-platform-file-events.dll
0x00007ffd57910000 - 0x00007ffd57919000 	E:\Android\android\jbr\bin\management.dll
0x00007ffd578c0000 - 0x00007ffd578cb000 	E:\Android\android\jbr\bin\management_ext.dll
0x00007ffd61960000 - 0x00007ffd61968000 	C:\WINDOWS\System32\PSAPI.DLL
0x00007ffd5e920000 - 0x00007ffd5e93b000 	C:\WINDOWS\SYSTEM32\CRYPTSP.dll
0x00007ffd5e0b0000 - 0x00007ffd5e0e5000 	C:\WINDOWS\system32\rsaenh.dll
0x00007ffd5e7b0000 - 0x00007ffd5e7d8000 	C:\WINDOWS\SYSTEM32\USERENV.dll
0x00007ffd5e910000 - 0x00007ffd5e91c000 	C:\WINDOWS\SYSTEM32\CRYPTBASE.dll
0x00007ffd5dbd0000 - 0x00007ffd5dbfd000 	C:\WINDOWS\SYSTEM32\IPHLPAPI.DLL
0x00007ffd610c0000 - 0x00007ffd610c9000 	C:\WINDOWS\System32\NSI.dll
0x00007ffd59240000 - 0x00007ffd59259000 	C:\WINDOWS\SYSTEM32\dhcpcsvc6.DLL
0x00007ffd58f00000 - 0x00007ffd58f1f000 	C:\WINDOWS\SYSTEM32\dhcpcsvc.DLL
0x00007ffd5dc40000 - 0x00007ffd5dd39000 	C:\WINDOWS\SYSTEM32\DNSAPI.dll
0x00007ffd579c0000 - 0x00007ffd579c8000 	C:\WINDOWS\system32\wshunix.dll

dbghelp: loaded successfully - version: 4.0.5 - missing functions: none
symbol engine: initialized successfully - sym options: 0x614 - pdb path: .;E:\Android\android\jbr\bin;C:\WINDOWS\SYSTEM32;C:\WINDOWS\WinSxS\amd64_microsoft.windows.common-controls_6595b64144ccf1df_6.0.22621.3235_none_270f74e173860f98;E:\Android\android\jbr\bin\server;C:\Users\tuanc\.gradle\native\c067742578af261105cb4f569cf0c3c89f3d7b1fecec35dd04571415982c5e48\windows-amd64;C:\Users\tuanc\.gradle\native\38dada09dfb8b06ba9b0570ebf7e218e3eb74d4ef43ca46872605cf95ebc2f47\windows-amd64

VM Arguments:
jvm_args: --add-opens=java.base/java.util=ALL-UNNAMED --add-opens=java.base/java.lang=ALL-UNNAMED --add-opens=java.base/java.lang.invoke=ALL-UNNAMED --add-opens=java.prefs/java.util.prefs=ALL-UNNAMED --add-opens=java.base/java.nio.charset=ALL-UNNAMED --add-opens=java.base/java.net=ALL-UNNAMED --add-opens=java.base/java.util.concurrent.atomic=ALL-UNNAMED -Xmx2048m -Dfile.encoding=UTF-8 -Duser.country=US -Duser.language=en -Duser.variant -javaagent:C:\Users\tuanc\.gradle\wrapper\dists\gradle-8.4-bin\1w5dpkrfk8irigvoxmyhowfim\gradle-8.4\lib\agents\gradle-instrumentation-agent-8.4.jar 
java_command: org.gradle.launcher.daemon.bootstrap.GradleDaemon 8.4
java_class_path (initial): C:\Users\tuanc\.gradle\wrapper\dists\gradle-8.4-bin\1w5dpkrfk8irigvoxmyhowfim\gradle-8.4\lib\gradle-launcher-8.4.jar
Launcher Type: SUN_STANDARD

[Global flags]
     intx CICompilerCount                          = 4                                         {product} {ergonomic}
     uint ConcGCThreads                            = 2                                         {product} {ergonomic}
     uint G1ConcRefinementThreads                  = 8                                         {product} {ergonomic}
   size_t G1HeapRegionSize                         = 1048576                                   {product} {ergonomic}
    uintx GCDrainStackTargetSize                   = 64                                        {product} {ergonomic}
   size_t InitialHeapSize                          = 264241152                                 {product} {ergonomic}
   size_t MarkStackSize                            = 4194304                                   {product} {ergonomic}
   size_t MaxHeapSize                              = 2147483648                                {product} {command line}
   size_t MaxNewSize                               = 1287651328                                {product} {ergonomic}
   size_t MinHeapDeltaBytes                        = 1048576                                   {product} {ergonomic}
   size_t MinHeapSize                              = 8388608                                   {product} {ergonomic}
    uintx NonNMethodCodeHeapSize                   = 5839372                                {pd product} {ergonomic}
    uintx NonProfiledCodeHeapSize                  = 122909434                              {pd product} {ergonomic}
    uintx ProfiledCodeHeapSize                     = 122909434                              {pd product} {ergonomic}
    uintx ReservedCodeCacheSize                    = 251658240                              {pd product} {ergonomic}
     bool SegmentedCodeCache                       = true                                      {product} {ergonomic}
   size_t SoftMaxHeapSize                          = 2147483648                             {manageable} {ergonomic}
     bool UseCompressedClassPointers               = true                           {product lp64_product} {ergonomic}
     bool UseCompressedOops                        = true                           {product lp64_product} {ergonomic}
     bool UseG1GC                                  = true                                      {product} {ergonomic}
     bool UseLargePagesIndividualAllocation        = false                                  {pd product} {ergonomic}

Logging:
Log output configuration:
 #0: stdout all=warning uptime,level,tags
 #1: stderr all=off uptime,level,tags

Environment Variables:
PATH=C:\WINDOWS\system32;C:\WINDOWS;C:\WINDOWS\System32\Wbem;C:\WINDOWS\System32\WindowsPowerShell\v1.0\;C:\WINDOWS\System32\OpenSSH\;C:\Program Files (x86)\Microsoft SQL Server\160\Tools\Binn\;C:\Program Files\Microsoft SQL Server\160\Tools\Binn\;C:\Program Files\Microsoft SQL Server\Client SDK\ODBC\170\Tools\Binn\;C:\Program Files\Microsoft SQL Server\160\DTS\Binn\;E:\git\clone\Git\cmd;E:\Camuda Modeler\NodeJS\;E:\xamp\php;C:\Program Files\Microsoft SQL Server\150\Tools\Binn\;C:\Program Files\dotnet\;C:\Users\tuanc\AppData\Local\Programs\Python\Launcher\;C:\Users\tuanc\AppData\Local\Microsoft\WindowsApps;E:\Microsoft VS Code\bin;C:\Program Files\Azure Data Studio\bin;C:\Users\tuanc\AppData\Local\GitHubDesktop\bin;C:\Users\tuanc\AppData\Roaming\npm;E:\xamp\php;E:\PhatTrienUngDungWeb;C:\Users\tuanc\AppData\Roaming\Composer\vendor\bin;C:\Users\tuanc\.dotnet\tools
USERNAME=MyPC
OS=Windows_NT
PROCESSOR_IDENTIFIER=Intel64 Family 6 Model 140 Stepping 1, GenuineIntel
TMP=C:\Users\tuanc\AppData\Local\Temp
TEMP=C:\Users\tuanc\AppData\Local\Temp



Periodic native trim disabled

JNI global refs:
JNI global refs: 23, weak refs: 0

JNI global refs memory usage: 843, weak refs: 841

OOME stack traces (most recent first):
Classloader memory used:
Loader bootstrap                                                                       : 1887K
Loader org.gradle.internal.classloader.VisitableURLClassLoader                         : 1331K
Loader org.gradle.initialization.MixInLegacyTypesClassLoader                           : 169K
Loader jdk.internal.loader.ClassLoaders$AppClassLoader                                 : 28453B
Loader jdk.internal.loader.ClassLoaders$PlatformClassLoader                            : 14996B
Loader jdk.internal.reflect.DelegatingClassLoader                                      : 2130B

Classes loaded by more than one classloader:
Class org.gradle.internal.installation.GradleInstallation                             : loaded 2 times (x 73B)
Class org.gradle.internal.classpath.ClassPath                                         : loaded 2 times (x 68B)
Class org.gradle.api.internal.classpath.DefaultModuleRegistry                         : loaded 2 times (x 84B)
Class org.gradle.api.Action                                                           : loaded 2 times (x 68B)
Class org.gradle.api.internal.DefaultClassPathProvider                                : loaded 2 times (x 74B)
Class org.gradle.internal.installation.GradleInstallation$1                           : loaded 2 times (x 73B)
Class org.gradle.internal.classloader.FilteringClassLoader                            : loaded 2 times (x 103B)
Class org.gradle.internal.classpath.DefaultClassPath$ImmutableUniqueList$Builder      : loaded 2 times (x 73B)
Class org.gradle.internal.classloader.ClassLoaderVisitor                              : loaded 2 times (x 74B)
Class org.gradle.internal.service.DefaultServiceLocator                               : loaded 2 times (x 81B)
Class org.gradle.internal.service.UnknownServiceException                             : loaded 2 times (x 81B)
Class org.gradle.internal.classloader.VisitableURLClassLoader$Spec                    : loaded 2 times (x 72B)
Class org.gradle.api.GradleException                                                  : loaded 2 times (x 80B)
Class org.gradle.api.internal.classpath.ModuleRegistry                                : loaded 2 times (x 68B)
Class org.gradle.api.internal.ClassPathProvider                                       : loaded 2 times (x 68B)
Class org.gradle.internal.classloader.ClasspathUtil$1                                 : loaded 2 times (x 74B)
Class org.gradle.internal.classloader.ClassLoaderFactory                              : loaded 2 times (x 68B)
Class org.gradle.api.internal.classpath.ManifestUtil                                  : loaded 2 times (x 69B)
Class org.gradle.api.specs.Spec                                                       : loaded 2 times (x 68B)
Class org.gradle.internal.IoActions                                                   : loaded 2 times (x 69B)
Class org.gradle.api.internal.classpath.EffectiveClassPath                            : loaded 2 times (x 88B)
Class org.gradle.internal.installation.CurrentGradleInstallation                      : loaded 2 times (x 71B)
Class org.gradle.internal.agents.InstrumentingClassLoader                             : loaded 2 times (x 68B)
Class org.gradle.internal.installation.CurrentGradleInstallationLocator               : loaded 2 times (x 69B)
Class org.gradle.api.internal.classpath.Module                                        : loaded 2 times (x 68B)
Class org.gradle.internal.service.CachingServiceLocator                               : loaded 2 times (x 80B)
Class org.gradle.internal.classpath.DefaultClassPath                                  : loaded 2 times (x 88B)
Class org.gradle.internal.classloader.SystemClassLoaderSpec                           : loaded 2 times (x 69B)
Class org.gradle.api.UncheckedIOException                                             : loaded 2 times (x 80B)
Class org.gradle.internal.classloader.ClasspathUtil                                   : loaded 2 times (x 69B)
Class org.gradle.api.internal.DefaultClassPathRegistry                                : loaded 2 times (x 74B)
Class org.gradle.api.internal.classpath.DefaultModuleRegistry$DefaultModule           : loaded 2 times (x 84B)
Class org.gradle.api.internal.classpath.UnknownModuleException                        : loaded 2 times (x 80B)
Class org.gradle.internal.service.ServiceLookupException                              : loaded 2 times (x 80B)
Class org.gradle.cache.GlobalCache                                                    : loaded 2 times (x 68B)
Class [Lorg.gradle.api.internal.ClassPathProvider;                                    : loaded 2 times (x 67B)
Class org.gradle.util.internal.GUtil                                                  : loaded 2 times (x 69B)
Class org.gradle.internal.classloader.ClassLoaderSpec                                 : loaded 2 times (x 69B)
Class org.gradle.internal.classloader.VisitableURLClassLoader                         : loaded 2 times (x 115B)
Class org.gradle.internal.Cast                                                        : loaded 2 times (x 69B)
Class org.gradle.api.internal.ClassPathRegistry                                       : loaded 2 times (x 68B)
Class org.gradle.internal.classloader.VisitableURLClassLoader$InstrumentingVisitableURLClassLoader: loaded 2 times (x 121B)
Class org.gradle.internal.classloader.ClassLoaderHierarchy                            : loaded 2 times (x 68B)
Class org.gradle.internal.InternalTransformer                                         : loaded 2 times (x 68B)
Class org.gradle.internal.service.ServiceLocator                                      : loaded 2 times (x 68B)
Class org.gradle.internal.classpath.DefaultClassPath$ImmutableUniqueList              : loaded 2 times (x 159B)
Class org.gradle.internal.classpath.TransformedClassPath                              : loaded 2 times (x 94B)


---------------  S Y S T E M  ---------------

OS:
 Windows 11 , 64 bit Build 22621 (10.0.22621.3374)
OS uptime: 3 days 11:28 hours

CPU: total 8 (initial active 8) (4 cores per cpu, 2 threads per core) family 6 model 140 stepping 1 microcode 0xb4, cx8, cmov, fxsr, ht, mmx, 3dnowpref, sse, sse2, sse3, ssse3, sse4.1, sse4.2, popcnt, lzcnt, tsc, tscinvbit, avx, avx2, aes, erms, clmul, bmi1, bmi2, adx, avx512f, avx512dq, avx512cd, avx512bw, avx512vl, sha, fma, vzeroupper, avx512_vpopcntdq, avx512_vpclmulqdq, avx512_vaes, avx512_vnni, clflush, clflushopt, clwb, avx512_vbmi2, avx512_vbmi
Processor Information for all 8 processors :
  Max Mhz: 2701, Current Mhz: 2701, Mhz Limit: 2701

Memory: 4k page, system-wide physical 16026M (5677M free)
TotalPageFile size 31382M (AvailPageFile size 5M)
current process WorkingSet (physical memory assigned to process): 186M, peak: 186M
current process commit charge ("private bytes"): 231M, peak: 397M

vm_info: OpenJDK 64-Bit Server VM (17.0.9+0--11185874) for windows-amd64 JRE (17.0.9+0--11185874), built on Dec  6 2023 18:57:44 by "androidbuild" with MS VC++ 16.10 / 16.11 (VS2019)

END.
